Migration log: https://homolog3.origgami.com.br/origgami-site-base-v3
Info, Error
[21-07-2023 01:07:20] ->Info: Creating table
[21-07-2023 01:07:20] ->Info: Table created
[21-07-2023 01:07:25] ->Info: `migrate_logs` Have old logs
[21-07-2023 01:07:25] ->Info: `get_old_logs` Log IDs: 389,390,406,408,410,411,420,432,437,448,455,471,475,550,551,586,587,592,593,595,596,597,598,599
[21-07-2023 01:07:25] ->Info: `get_old_logs` Logs Meta 
[21-07-2023 01:07:25] ->Info: `get_old_logs` Prepared Logs
[21-07-2023 01:07:25] ->Info: `migrate_logs` Remove extra keys if contains: Array
(
    [0] => solution
    [1] => time
    [2] => success
    [3] => from_header
    [4] => to_header
    [5] => transport_uri
    [6] => original_to
    [7] => original_subject
    [8] => original_message
    [9] => original_headers
    [10] => session_transcript
)

[21-07-2023 01:07:25] ->Info: `migrate_logs` Migrating Log: Array
(
    [0] => solution
    [1] => time
    [2] => success
    [3] => from_header
    [4] => to_header
    [5] => transport_uri
    [6] => original_to
    [7] => original_subject
    [8] => original_message
    [9] => original_headers
    [10] => session_transcript
)

[21-07-2023 01:07:25] ->Info: `migrate_logs` Log migrated
[21-07-2023 01:07:25] ->Info: `migrate_logs` Remove extra keys if contains: Array
(
    [0] => solution
    [1] => time
    [2] => success
    [3] => from_header
    [4] => to_header
    [5] => transport_uri
    [6] => original_to
    [7] => original_subject
    [8] => original_message
    [9] => original_headers
    [10] => session_transcript
)

[21-07-2023 01:07:25] ->Info: `migrate_logs` Migrating Log: Array
(
    [0] => solution
    [1] => time
    [2] => success
    [3] => from_header
    [4] => to_header
    [5] => transport_uri
    [6] => original_to
    [7] => original_subject
    [8] => original_message
    [9] => original_headers
    [10] => session_transcript
)

[21-07-2023 01:07:25] ->Info: `migrate_logs` Log migrated
[21-07-2023 01:07:25] ->Info: `migrate_logs` Remove extra keys if contains: Array
(
    [0] => solution
    [1] => time
    [2] => success
    [3] => from_header
    [4] => to_header
    [5] => transport_uri
    [6] => original_to
    [7] => original_subject
    [8] => original_message
    [9] => original_headers
    [10] => session_transcript
)

[21-07-2023 01:07:25] ->Info: `migrate_logs` Migrating Log: Array
(
    [0] => solution
    [1] => time
    [2] => success
    [3] => from_header
    [4] => to_header
    [5] => transport_uri
    [6] => original_to
    [7] => original_subject
    [8] => original_message
    [9] => original_headers
    [10] => session_transcript
)

[21-07-2023 01:07:25] ->Info: `migrate_logs` Log migrated
[21-07-2023 01:07:25] ->Info: `migrate_logs` Remove extra keys if contains: Array
(
    [0] => solution
    [1] => time
    [2] => success
    [3] => from_header
    [4] => to_header
    [5] => transport_uri
    [6] => original_to
    [7] => original_subject
    [8] => original_message
    [9] => original_headers
    [10] => session_transcript
)

[21-07-2023 01:07:25] ->Info: `migrate_logs` Migrating Log: Array
(
    [0] => solution
    [1] => time
    [2] => success
    [3] => from_header
    [4] => to_header
    [5] => transport_uri
    [6] => original_to
    [7] => original_subject
    [8] => original_message
    [9] => original_headers
    [10] => session_transcript
)

[21-07-2023 01:07:25] ->Info: `migrate_logs` Log migrated
[21-07-2023 01:07:25] ->Info: `migrate_logs` Remove extra keys if contains: Array
(
    [0] => solution
    [1] => time
    [2] => success
    [3] => from_header
    [4] => to_header
    [5] => transport_uri
    [6] => original_to
    [7] => original_subject
    [8] => original_message
    [9] => original_headers
    [10] => session_transcript
)

[21-07-2023 01:07:25] ->Info: `migrate_logs` Migrating Log: Array
(
    [0] => solution
    [1] => time
    [2] => success
    [3] => from_header
    [4] => to_header
    [5] => transport_uri
    [6] => original_to
    [7] => original_subject
    [8] => original_message
    [9] => original_headers
    [10] => session_transcript
)

[21-07-2023 01:07:25] ->Info: `migrate_logs` Log migrated
[21-07-2023 01:07:25] ->Info: `migrate_logs` Remove extra keys if contains: Array
(
    [0] => solution
    [1] => time
    [2] => success
    [3] => from_header
    [4] => to_header
    [5] => transport_uri
    [6] => original_to
    [7] => original_subject
    [8] => original_message
    [9] => original_headers
    [10] => session_transcript
)

[21-07-2023 01:07:25] ->Info: `migrate_logs` Migrating Log: Array
(
    [0] => solution
    [1] => time
    [2] => success
    [3] => from_header
    [4] => to_header
    [5] => transport_uri
    [6] => original_to
    [7] => original_subject
    [8] => original_message
    [9] => original_headers
    [10] => session_transcript
)

[21-07-2023 01:07:25] ->Info: `migrate_logs` Log migrated
[21-07-2023 01:07:25] ->Info: `migrate_logs` Remove extra keys if contains: Array
(
    [0] => solution
    [1] => time
    [2] => success
    [3] => from_header
    [4] => to_header
    [5] => transport_uri
    [6] => original_to
    [7] => original_subject
    [8] => original_message
    [9] => original_headers
    [10] => session_transcript
)

[21-07-2023 01:07:25] ->Info: `migrate_logs` Migrating Log: Array
(
    [0] => solution
    [1] => time
    [2] => success
    [3] => from_header
    [4] => to_header
    [5] => transport_uri
    [6] => original_to
    [7] => original_subject
    [8] => original_message
    [9] => original_headers
    [10] => session_transcript
)

[21-07-2023 01:07:25] ->Info: `migrate_logs` Log migrated
[21-07-2023 01:07:25] ->Info: `migrate_logs` Remove extra keys if contains: Array
(
    [0] => solution
    [1] => time
    [2] => success
    [3] => from_header
    [4] => to_header
    [5] => transport_uri
    [6] => original_to
    [7] => original_subject
    [8] => original_message
    [9] => original_headers
    [10] => session_transcript
)

[21-07-2023 01:07:25] ->Info: `migrate_logs` Migrating Log: Array
(
    [0] => solution
    [1] => time
    [2] => success
    [3] => from_header
    [4] => to_header
    [5] => transport_uri
    [6] => original_to
    [7] => original_subject
    [8] => original_message
    [9] => original_headers
    [10] => session_transcript
)

[21-07-2023 01:07:25] ->Info: `migrate_logs` Log migrated
[21-07-2023 01:07:25] ->Info: `migrate_logs` Remove extra keys if contains: Array
(
    [0] => solution
    [1] => time
    [2] => success
    [3] => from_header
    [4] => to_header
    [5] => transport_uri
    [6] => original_to
    [7] => original_subject
    [8] => original_message
    [9] => original_headers
    [10] => session_transcript
)

[21-07-2023 01:07:25] ->Info: `migrate_logs` Migrating Log: Array
(
    [0] => solution
    [1] => time
    [2] => success
    [3] => from_header
    [4] => to_header
    [5] => transport_uri
    [6] => original_to
    [7] => original_subject
    [8] => original_message
    [9] => original_headers
    [10] => session_transcript
)

[21-07-2023 01:07:25] ->Info: `migrate_logs` Log migrated
[21-07-2023 01:07:25] ->Info: `migrate_logs` Remove extra keys if contains: Array
(
    [0] => solution
    [1] => time
    [2] => success
    [3] => from_header
    [4] => to_header
    [5] => transport_uri
    [6] => original_to
    [7] => original_subject
    [8] => original_message
    [9] => original_headers
    [10] => session_transcript
)

[21-07-2023 01:07:25] ->Info: `migrate_logs` Migrating Log: Array
(
    [0] => solution
    [1] => time
    [2] => success
    [3] => from_header
    [4] => to_header
    [5] => transport_uri
    [6] => original_to
    [7] => original_subject
    [8] => original_message
    [9] => original_headers
    [10] => session_transcript
)

[21-07-2023 01:07:25] ->Info: `migrate_logs` Log migrated
[21-07-2023 01:07:25] ->Info: `migrate_logs` Remove extra keys if contains: Array
(
    [0] => solution
    [1] => time
    [2] => success
    [3] => from_header
    [4] => to_header
    [5] => transport_uri
    [6] => original_to
    [7] => original_subject
    [8] => original_message
    [9] => original_headers
    [10] => session_transcript
)

[21-07-2023 01:07:25] ->Info: `migrate_logs` Migrating Log: Array
(
    [0] => solution
    [1] => time
    [2] => success
    [3] => from_header
    [4] => to_header
    [5] => transport_uri
    [6] => original_to
    [7] => original_subject
    [8] => original_message
    [9] => original_headers
    [10] => session_transcript
)

[21-07-2023 01:07:25] ->Info: `migrate_logs` Log migrated
[21-07-2023 01:07:25] ->Info: `migrate_logs` Remove extra keys if contains: Array
(
    [0] => solution
    [1] => time
    [2] => success
    [3] => from_header
    [4] => to_header
    [5] => transport_uri
    [6] => original_to
    [7] => original_subject
    [8] => original_message
    [9] => original_headers
    [10] => session_transcript
)

[21-07-2023 01:07:25] ->Info: `migrate_logs` Migrating Log: Array
(
    [0] => solution
    [1] => time
    [2] => success
    [3] => from_header
    [4] => to_header
    [5] => transport_uri
    [6] => original_to
    [7] => original_subject
    [8] => original_message
    [9] => original_headers
    [10] => session_transcript
)

[21-07-2023 01:07:25] ->Info: `migrate_logs` Log migrated
[21-07-2023 01:07:25] ->Info: `migrate_logs` Remove extra keys if contains: Array
(
    [0] => solution
    [1] => time
    [2] => success
    [3] => from_header
    [4] => to_header
    [5] => transport_uri
    [6] => original_to
    [7] => original_subject
    [8] => original_message
    [9] => original_headers
    [10] => session_transcript
)

[21-07-2023 01:07:25] ->Info: `migrate_logs` Migrating Log: Array
(
    [0] => solution
    [1] => time
    [2] => success
    [3] => from_header
    [4] => to_header
    [5] => transport_uri
    [6] => original_to
    [7] => original_subject
    [8] => original_message
    [9] => original_headers
    [10] => session_transcript
)

[21-07-2023 01:07:25] ->Info: `migrate_logs` Log migrated
[21-07-2023 01:07:25] ->Info: `migrate_logs` Remove extra keys if contains: Array
(
    [0] => solution
    [1] => time
    [2] => success
    [3] => from_header
    [4] => to_header
    [5] => transport_uri
    [6] => original_to
    [7] => original_subject
    [8] => original_message
    [9] => original_headers
    [10] => session_transcript
)

[21-07-2023 01:07:25] ->Info: `migrate_logs` Migrating Log: Array
(
    [0] => solution
    [1] => time
    [2] => success
    [3] => from_header
    [4] => to_header
    [5] => transport_uri
    [6] => original_to
    [7] => original_subject
    [8] => original_message
    [9] => original_headers
    [10] => session_transcript
)

[21-07-2023 01:07:25] ->Info: `migrate_logs` Log migrated
[21-07-2023 01:07:25] ->Info: `migrate_logs` Remove extra keys if contains: Array
(
    [0] => solution
    [1] => time
    [2] => success
    [3] => from_header
    [4] => to_header
    [5] => transport_uri
    [6] => original_to
    [7] => original_subject
    [8] => original_message
    [9] => original_headers
    [10] => session_transcript
)

[21-07-2023 01:07:25] ->Info: `migrate_logs` Migrating Log: Array
(
    [0] => solution
    [1] => time
    [2] => success
    [3] => from_header
    [4] => to_header
    [5] => transport_uri
    [6] => original_to
    [7] => original_subject
    [8] => original_message
    [9] => original_headers
    [10] => session_transcript
)

[21-07-2023 01:07:25] ->Info: `migrate_logs` Log migrated
[21-07-2023 01:07:25] ->Info: `migrate_logs` Remove extra keys if contains: Array
(
    [0] => solution
    [1] => time
    [2] => success
    [3] => from_header
    [4] => to_header
    [5] => transport_uri
    [6] => original_to
    [7] => original_subject
    [8] => original_message
    [9] => original_headers
    [10] => session_transcript
)

[21-07-2023 01:07:25] ->Info: `migrate_logs` Migrating Log: Array
(
    [0] => solution
    [1] => time
    [2] => success
    [3] => from_header
    [4] => to_header
    [5] => transport_uri
    [6] => original_to
    [7] => original_subject
    [8] => original_message
    [9] => original_headers
    [10] => session_transcript
)

[21-07-2023 01:07:25] ->Info: `migrate_logs` Log migrated
[21-07-2023 01:07:25] ->Info: `migrate_logs` Remove extra keys if contains: Array
(
    [0] => solution
    [1] => time
    [2] => success
    [3] => from_header
    [4] => to_header
    [5] => transport_uri
    [6] => original_to
    [7] => original_subject
    [8] => original_message
    [9] => original_headers
    [10] => session_transcript
)

[21-07-2023 01:07:25] ->Info: `migrate_logs` Migrating Log: Array
(
    [0] => solution
    [1] => time
    [2] => success
    [3] => from_header
    [4] => to_header
    [5] => transport_uri
    [6] => original_to
    [7] => original_subject
    [8] => original_message
    [9] => original_headers
    [10] => session_transcript
)

[21-07-2023 01:07:25] ->Info: `migrate_logs` Log migrated
[21-07-2023 01:07:25] ->Info: `migrate_logs` Remove extra keys if contains: Array
(
    [0] => solution
    [1] => time
    [2] => success
    [3] => from_header
    [4] => to_header
    [5] => transport_uri
    [6] => original_to
    [7] => original_subject
    [8] => original_message
    [9] => original_headers
    [10] => session_transcript
)

[21-07-2023 01:07:25] ->Info: `migrate_logs` Migrating Log: Array
(
    [0] => solution
    [1] => time
    [2] => success
    [3] => from_header
    [4] => to_header
    [5] => transport_uri
    [6] => original_to
    [7] => original_subject
    [8] => original_message
    [9] => original_headers
    [10] => session_transcript
)

[21-07-2023 01:07:25] ->Info: `migrate_logs` Log migrated
[21-07-2023 01:07:25] ->Info: `migrate_logs` Remove extra keys if contains: Array
(
    [0] => solution
    [1] => time
    [2] => success
    [3] => from_header
    [4] => to_header
    [5] => transport_uri
    [6] => original_to
    [7] => original_subject
    [8] => original_message
    [9] => original_headers
    [10] => session_transcript
)

[21-07-2023 01:07:25] ->Info: `migrate_logs` Migrating Log: Array
(
    [0] => solution
    [1] => time
    [2] => success
    [3] => from_header
    [4] => to_header
    [5] => transport_uri
    [6] => original_to
    [7] => original_subject
    [8] => original_message
    [9] => original_headers
    [10] => session_transcript
)

[21-07-2023 01:07:25] ->Info: `migrate_logs` Log migrated
[21-07-2023 01:07:25] ->Info: `migrate_logs` Remove extra keys if contains: Array
(
    [0] => solution
    [1] => time
    [2] => success
    [3] => from_header
    [4] => to_header
    [5] => transport_uri
    [6] => original_to
    [7] => original_subject
    [8] => original_message
    [9] => original_headers
    [10] => session_transcript
)

[21-07-2023 01:07:25] ->Info: `migrate_logs` Migrating Log: Array
(
    [0] => solution
    [1] => time
    [2] => success
    [3] => from_header
    [4] => to_header
    [5] => transport_uri
    [6] => original_to
    [7] => original_subject
    [8] => original_message
    [9] => original_headers
    [10] => session_transcript
)

[21-07-2023 01:07:25] ->Info: `migrate_logs` Log migrated
[21-07-2023 01:07:25] ->Info: `migrate_logs` Remove extra keys if contains: Array
(
    [0] => solution
    [1] => time
    [2] => success
    [3] => from_header
    [4] => to_header
    [5] => transport_uri
    [6] => original_to
    [7] => original_subject
    [8] => original_message
    [9] => original_headers
    [10] => session_transcript
)

[21-07-2023 01:07:25] ->Info: `migrate_logs` Migrating Log: Array
(
    [0] => solution
    [1] => time
    [2] => success
    [3] => from_header
    [4] => to_header
    [5] => transport_uri
    [6] => original_to
    [7] => original_subject
    [8] => original_message
    [9] => original_headers
    [10] => session_transcript
)

[21-07-2023 01:07:25] ->Info: `migrate_logs` Log migrated
[21-07-2023 01:07:25] ->Info: `migrate_logs` Remove extra keys if contains: Array
(
    [0] => solution
    [1] => time
    [2] => success
    [3] => from_header
    [4] => to_header
    [5] => transport_uri
    [6] => original_to
    [7] => original_subject
    [8] => original_message
    [9] => original_headers
    [10] => session_transcript
)

[21-07-2023 01:07:25] ->Info: `migrate_logs` Migrating Log: Array
(
    [0] => solution
    [1] => time
    [2] => success
    [3] => from_header
    [4] => to_header
    [5] => transport_uri
    [6] => original_to
    [7] => original_subject
    [8] => original_message
    [9] => original_headers
    [10] => session_transcript
)

[21-07-2023 01:07:25] ->Info: `migrate_logs` Log migrated
[21-07-2023 01:07:25] ->Info: `migrate_logs` Remove extra keys if contains: Array
(
    [0] => solution
    [1] => time
    [2] => success
    [3] => from_header
    [4] => to_header
    [5] => transport_uri
    [6] => original_to
    [7] => original_subject
    [8] => original_message
    [9] => original_headers
    [10] => session_transcript
)

[21-07-2023 01:07:25] ->Info: `migrate_logs` Migrating Log: Array
(
    [0] => solution
    [1] => time
    [2] => success
    [3] => from_header
    [4] => to_header
    [5] => transport_uri
    [6] => original_to
    [7] => original_subject
    [8] => original_message
    [9] => original_headers
    [10] => session_transcript
)

[21-07-2023 01:07:25] ->Info: `migrate_logs` Log migrated
[21-07-2023 01:07:25] ->Info: `migrate_logs` Remove extra keys if contains: Array
(
    [0] => solution
    [1] => time
    [2] => success
    [3] => from_header
    [4] => to_header
    [5] => transport_uri
    [6] => original_to
    [7] => original_subject
    [8] => original_message
    [9] => original_headers
    [10] => session_transcript
)

[21-07-2023 01:07:25] ->Info: `migrate_logs` Migrating Log: Array
(
    [0] => solution
    [1] => time
    [2] => success
    [3] => from_header
    [4] => to_header
    [5] => transport_uri
    [6] => original_to
    [7] => original_subject
    [8] => original_message
    [9] => original_headers
    [10] => session_transcript
)

[21-07-2023 01:07:25] ->Info: `migrate_logs` Log migrated
[21-07-2023 01:07:25] ->Info: `migrate_logs` All logs migrated
